This is pdfTeX, Version 3.141592653-2.6-1.40.27 (MiKTeX 25.4) (preloaded format=pdflatex 2025.10.9)  16 OCT 2025 23:08
entering extended mode
 restricted \write18 enabled.
 %&-line parsing enabled.
**./clanok(1).tex
(clanok(1).tex
LaTeX2e <2025-06-01> patch level 1
L3 programming layer <2025-09-02>

(C:\Users\yawor\AppData\Local\Programs\MiKTeX\tex/latex/coursepaper\coursepaper
.cls
Document Class: coursepaper 2003/08/19 v2.0
(C:\Users\yawor\AppData\Local\Programs\MiKTeX\tex/latex/base\ifthen.sty
Package: ifthen 2024/03/16 v1.1e Standard LaTeX ifthen package (DPC)
)
(C:\Users\yawor\AppData\Local\Programs\MiKTeX\tex/latex/base\article.cls
Document Class: article 2025/01/22 v1.4n Standard LaTeX document class
(C:\Users\yawor\AppData\Local\Programs\MiKTeX\tex/latex/base\size10.clo
File: size10.clo 2025/01/22 v1.4n Standard LaTeX file (size option)
)
\c@part=\count275
\c@section=\count276
\c@subsection=\count277
\c@subsubsection=\count278
\c@paragraph=\count279
\c@subparagraph=\count280
\c@figure=\count281
\c@table=\count282
\abovecaptionskip=\skip49
\belowcaptionskip=\skip50
\bibindent=\dimen148
))
(C:\Users\yawor\AppData\Local\Programs\MiKTeX\tex/generic/babel\babel.sty
Package: babel 2025/08/03 v25.12 The multilingual framework for LuaLaTeX, pdfLa
TeX and XeLaTeX
\babel@savecnt=\count283
LaTeX Encoding Info:    Redeclaring text command \ij (encoding OT1) on input li
ne 2045.
LaTeX Encoding Info:    Redeclaring text command \IJ (encoding OT1) on input li
ne 2047.
LaTeX Encoding Info:    Redeclaring text command \ij (encoding T1) on input lin
e 2049.
LaTeX Encoding Info:    Redeclaring text command \IJ (encoding T1) on input lin
e 2050.
LaTeX Encoding Info:    Ignoring declaration for text command \ij (encoding ?) 
on input line 2051.
LaTeX Encoding Info:    Ignoring declaration for text command \IJ (encoding ?) 
on input line 2053.
LaTeX Encoding Info:    Ignoring declaration for text command \SS (encoding ?) 
on input line 2078.
\U@D=\dimen149
\l@unhyphenated=\language79

(C:\Users\yawor\AppData\Local\Programs\MiKTeX\tex/generic/babel\txtbabel.def)
\bbl@readstream=\read2
\bbl@dirlevel=\count284

*************************************
* Local config file bblopts.cfg used
*
(C:\Users\yawor\AppData\Local\Programs\MiKTeX\tex/latex/arabi\bblopts.cfg
File: bblopts.cfg 2005/09/08 v0.1 add Arabic and Farsi to "declared" options of
 babel
)
(C:\Users\yawor\AppData\Local\Programs\MiKTeX\tex/latex/babel-slovak\slovak.ldf
Language: slovak 2008/07/06 v3.1a Slovak support from the babel system

(C:\Users\yawor\AppData\Local\Programs\MiKTeX\tex/generic/babel/locale/sk\babel
-slovak.tex
Package babel Info: Importing font and identification data for slovak
(babel)             from babel-sk.ini. Reported on input line 12.
)
Package babel Info: Making ^ an active character on input line 123.
Package babel Info: Making " an active character on input line 126.
Package babel Info: Making ' an active character on input line 129.
\cs@wordlen=\count285
Package babel Info: Making - an active character on input line 294.
))
(C:\Users\yawor\AppData\Local\Programs\MiKTeX\tex/latex/base\fontenc.sty
Package: fontenc 2024/12/21 v2.1c Standard LaTeX package

(C:\Users\yawor\AppData\Local\Programs\MiKTeX\tex/cslatex/base\il2enc.def
File: il2enc.def 1997/08/20 CSLaTeX
Now handling font encoding IL2 ...
... no UTF-8 mapping file for font encoding IL2
)
LaTeX Font Info:    Trying to load font information for IL2+cmr on input line 1
16.

(C:\Users\yawor\AppData\Local\Programs\MiKTeX\tex/cslatex/base\il2cmr.fd
File: il2cmr.fd 1997/02/06 CSLaTeX font definitions
))
(C:\Users\yawor\AppData\Local\Programs\MiKTeX\tex/latex/base\inputenc.sty
Package: inputenc 2024/02/08 v1.3d Input encoding file
\inpenc@prehook=\toks17
\inpenc@posthook=\toks18
)
(C:\Users\yawor\AppData\Local\Programs\MiKTeX\tex/latex/graphics\graphicx.sty
Package: graphicx 2024/12/31 v1.2e Enhanced LaTeX Graphics (DPC,SPQR)

(C:\Users\yawor\AppData\Local\Programs\MiKTeX\tex/latex/graphics\keyval.sty
Package: keyval 2022/05/29 v1.15 key=value parser (DPC)
\KV@toks@=\toks19
)
(C:\Users\yawor\AppData\Local\Programs\MiKTeX\tex/latex/graphics\graphics.sty
Package: graphics 2024/08/06 v1.4g Standard LaTeX Graphics (DPC,SPQR)

(C:\Users\yawor\AppData\Local\Programs\MiKTeX\tex/latex/graphics\trig.sty
Package: trig 2023/12/02 v1.11 sin cos tan (DPC)
)
(C:\Users\yawor\AppData\Local\Programs\MiKTeX\tex/latex/graphics-cfg\graphics.c
fg
File: graphics.cfg 2016/06/04 v1.11 sample graphics configuration
)
Package graphics Info: Driver file: pdftex.def on input line 106.

(C:\Users\yawor\AppData\Local\Programs\MiKTeX\tex/latex/graphics-def\pdftex.def
File: pdftex.def 2024/04/13 v1.2c Graphics/color driver for pdftex
))
\Gin@req@height=\dimen150
\Gin@req@width=\dimen151
) (C:\Users\yawor\AppData\Local\Programs\MiKTeX\tex/latex/url\url.sty
\Urlmuskip=\muskip17
Package: url 2013/09/16  ver 3.4  Verb mode for urls, etc.
)
(C:\Users\yawor\AppData\Local\Programs\MiKTeX\tex/latex/hyperref\hyperref.sty
Package: hyperref 2025-07-12 v7.01o Hypertext links for LaTeX

(C:\Users\yawor\AppData\Local\Programs\MiKTeX\tex/generic/iftex\iftex.sty
Package: iftex 2024/12/12 v1.0g TeX engine tests
)
(C:\Users\yawor\AppData\Local\Programs\MiKTeX\tex/latex/kvsetkeys\kvsetkeys.sty
Package: kvsetkeys 2022-10-05 v1.19 Key value parser (HO)
)
(C:\Users\yawor\AppData\Local\Programs\MiKTeX\tex/generic/kvdefinekeys\kvdefine
keys.sty
Package: kvdefinekeys 2019-12-19 v1.6 Define keys (HO)
)
(C:\Users\yawor\AppData\Local\Programs\MiKTeX\tex/generic/pdfescape\pdfescape.s
ty
Package: pdfescape 2019/12/09 v1.15 Implements pdfTeX's escape features (HO)

(C:\Users\yawor\AppData\Local\Programs\MiKTeX\tex/generic/ltxcmds\ltxcmds.sty
Package: ltxcmds 2023-12-04 v1.26 LaTeX kernel commands for general use (HO)
)
(C:\Users\yawor\AppData\Local\Programs\MiKTeX\tex/generic/pdftexcmds\pdftexcmds
.sty
Package: pdftexcmds 2020-06-27 v0.33 Utility functions of pdfTeX for LuaTeX (HO
)

(C:\Users\yawor\AppData\Local\Programs\MiKTeX\tex/generic/infwarerr\infwarerr.s
ty
Package: infwarerr 2019/12/03 v1.5 Providing info/warning/error messages (HO)
)
Package pdftexcmds Info: \pdf@primitive is available.
Package pdftexcmds Info: \pdf@ifprimitive is available.
Package pdftexcmds Info: \pdfdraftmode found.
))
(C:\Users\yawor\AppData\Local\Programs\MiKTeX\tex/latex/hycolor\hycolor.sty
Package: hycolor 2020-01-27 v1.10 Color options for hyperref/bookmark (HO)
)
(C:\Users\yawor\AppData\Local\Programs\MiKTeX\tex/latex/hyperref\nameref.sty
Package: nameref 2025-06-21 v2.57 Cross-referencing by name of section

(C:\Users\yawor\AppData\Local\Programs\MiKTeX\tex/latex/refcount\refcount.sty
Package: refcount 2019/12/15 v3.6 Data extraction from label references (HO)
)
(C:\Users\yawor\AppData\Local\Programs\MiKTeX\tex/generic/gettitlestring\gettit
lestring.sty
Package: gettitlestring 2019/12/15 v1.6 Cleanup title references (HO)

(C:\Users\yawor\AppData\Local\Programs\MiKTeX\tex/latex/kvoptions\kvoptions.sty
Package: kvoptions 2022-06-15 v3.15 Key value format for package options (HO)
))
\c@section@level=\count286
)
(C:\Users\yawor\AppData\Local\Programs\MiKTeX\tex/latex/etoolbox\etoolbox.sty
Package: etoolbox 2025/02/11 v2.5l e-TeX tools for LaTeX (JAW)
\etb@tempcnta=\count287
)
(C:\Users\yawor\AppData\Local\Programs\MiKTeX\tex/generic/stringenc\stringenc.s
ty
Package: stringenc 2019/11/29 v1.12 Convert strings between diff. encodings (HO
)
)
\@linkdim=\dimen152
\Hy@linkcounter=\count288
\Hy@pagecounter=\count289
 (C:\Users\yawor\AppData\Local\Programs\MiKTeX\tex/latex/hyperref\pd1enc.def
File: pd1enc.def 2025-07-12 v7.01o Hyperref: PDFDocEncoding definition (HO)
Now handling font encoding PD1 ...
... no UTF-8 mapping file for font encoding PD1
) (C:\Users\yawor\AppData\Local\Programs\MiKTeX\tex/generic/intcalc\intcalc.sty
Package: intcalc 2019/12/15 v1.3 Expandable calculations with integers (HO)
)
\Hy@SavedSpaceFactor=\count290
 (C:\Users\yawor\AppData\Local\Programs\MiKTeX\tex/latex/hyperref\puenc.def
File: puenc.def 2025-07-12 v7.01o Hyperref: PDF Unicode definition (HO)
Now handling font encoding PU ...
... no UTF-8 mapping file for font encoding PU
)
Package hyperref Info: Hyper figures OFF on input line 4195.
Package hyperref Info: Link nesting OFF on input line 4200.
Package hyperref Info: Hyper index ON on input line 4203.
Package hyperref Info: Plain pages OFF on input line 4210.
Package hyperref Info: Backreferencing OFF on input line 4215.
Package hyperref Info: Implicit mode ON; LaTeX internals redefined.
Package hyperref Info: Bookmarks ON on input line 4462.
\c@Hy@tempcnt=\count291
LaTeX Info: Redefining \url on input line 4801.
\XeTeXLinkMargin=\dimen153

(C:\Users\yawor\AppData\Local\Programs\MiKTeX\tex/generic/bitset\bitset.sty
Package: bitset 2019/12/09 v1.3 Handle bit-vector datatype (HO)

(C:\Users\yawor\AppData\Local\Programs\MiKTeX\tex/generic/bigintcalc\bigintcalc
.sty
Package: bigintcalc 2019/12/15 v1.5 Expandable calculations on big integers (HO
)
))
\Fld@menulength=\count292
\Field@Width=\dimen154
\Fld@charsize=\dimen155
Package hyperref Info: Hyper figures OFF on input line 6078.
Package hyperref Info: Link nesting OFF on input line 6083.
Package hyperref Info: Hyper index ON on input line 6086.
Package hyperref Info: backreferencing OFF on input line 6093.
Package hyperref Info: Link coloring OFF on input line 6098.
Package hyperref Info: Link coloring with OCG OFF on input line 6103.
Package hyperref Info: PDF/A mode OFF on input line 6108.
\Hy@abspage=\count293
\c@Item=\count294
\c@Hfootnote=\count295
)
Package hyperref Info: Driver (autodetected): hpdftex.

(C:\Users\yawor\AppData\Local\Programs\MiKTeX\tex/latex/hyperref\hpdftex.def
File: hpdftex.def 2025-07-12 v7.01o Hyperref driver for pdfTeX
\Fld@listcount=\count296
\c@bookmark@seq@number=\count297

(C:\Users\yawor\AppData\Local\Programs\MiKTeX\tex/latex/rerunfilecheck\rerunfil
echeck.sty
Package: rerunfilecheck 2025-06-21 v1.11 Rerun checks for auxiliary files (HO)

(C:\Users\yawor\AppData\Local\Programs\MiKTeX\tex/generic/uniquecounter\uniquec
ounter.sty
Package: uniquecounter 2019/12/15 v1.4 Provide unlimited unique counter (HO)
)
Package uniquecounter Info: New unique counter `rerunfilecheck' on input line 2
84.
)
\Hy@SectionHShift=\skip51
)
(C:\Users\yawor\AppData\Local\Programs\MiKTeX\tex/latex/cite\cite.sty
LaTeX Info: Redefining \cite on input line 302.
LaTeX Info: Redefining \nocite on input line 332.
Package: cite 2015/02/27  v 5.5
)
(C:\Users\yawor\AppData\Local\Programs\MiKTeX\tex/latex/l3backend\l3backend-pdf
tex.def
File: l3backend-pdftex.def 2025-06-09 L3 backend support: PDF output (pdfTeX)
\l__color_backend_stack_int=\count298
) (clanok(1).aux
Package babel Info: 'slovak' activates 'slovak' shorthands.
(babel)             Reported on input line 11.
)
\openout1 = `clanok(1).aux'.

LaTeX Font Info:    Checking defaults for OML/cmm/m/it on input line 30.
LaTeX Font Info:    ... okay on input line 30.
LaTeX Font Info:    Checking defaults for OMS/cmsy/m/n on input line 30.
LaTeX Font Info:    ... okay on input line 30.
LaTeX Font Info:    Checking defaults for OT1/cmr/m/n on input line 30.
LaTeX Font Info:    ... okay on input line 30.
LaTeX Font Info:    Checking defaults for T1/cmr/m/n on input line 30.
LaTeX Font Info:    ... okay on input line 30.
LaTeX Font Info:    Checking defaults for TS1/cmr/m/n on input line 30.
LaTeX Font Info:    ... okay on input line 30.
LaTeX Font Info:    Checking defaults for OMX/cmex/m/n on input line 30.
LaTeX Font Info:    ... okay on input line 30.
LaTeX Font Info:    Checking defaults for U/cmr/m/n on input line 30.
LaTeX Font Info:    ... okay on input line 30.
LaTeX Font Info:    Checking defaults for IL2/cmr/m/n on input line 30.
LaTeX Font Info:    ... okay on input line 30.
LaTeX Font Info:    Checking defaults for PD1/pdf/m/n on input line 30.
LaTeX Font Info:    ... okay on input line 30.
LaTeX Font Info:    Checking defaults for PU/pdf/m/n on input line 30.
LaTeX Font Info:    ... okay on input line 30.

(C:\Users\yawor\AppData\Local\Programs\MiKTeX\tex/context/base/mkii\supp-pdf.mk
ii
[Loading MPS to PDF converter (version 2006.09.02).]
\scratchcounter=\count299
\scratchdimen=\dimen156
\scratchbox=\box53
\nofMPsegments=\count300
\nofMParguments=\count301
\everyMPshowfont=\toks20
\MPscratchCnt=\count302
\MPscratchDim=\dimen157
\MPnumerator=\count303
\makeMPintoPDFobject=\count304
\everyMPtoPDFconversion=\toks21
)
(C:\Users\yawor\AppData\Local\Programs\MiKTeX\tex/latex/epstopdf-pkg\epstopdf-b
ase.sty
Package: epstopdf-base 2020-01-24 v2.11 Base part for package epstopdf
Package epstopdf-base Info: Redefining graphics rule for `.eps' on input line 4
85.

(C:\Users\yawor\AppData\Local\Programs\MiKTeX\tex/latex/00miktex\epstopdf-sys.c
fg
File: epstopdf-sys.cfg 2021/03/18 v2.0 Configuration of epstopdf for MiKTeX
))
Package hyperref Info: Link coloring OFF on input line 30.
 (clanok(1).out) (clanok(1).out)
\@outlinefile=\write3
\openout3 = `clanok(1).out'.

LaTeX Font Info:    Trying to load font information for IL2+cmss on input line 
33.

(C:\Users\yawor\AppData\Local\Programs\MiKTeX\tex/cslatex/base\il2cmss.fd
File: il2cmss.fd 1997/02/13 CsLaTeX font definitions
)
LaTeX Font Info:    External font `cmex10' loaded for size
(Font)              <17.28> on input line 33.
LaTeX Font Info:    External font `cmex10' loaded for size
(Font)              <12> on input line 33.
LaTeX Font Info:    Trying to load font information for IL2+cmtt on input line 
33.

(C:\Users\yawor\AppData\Local\Programs\MiKTeX\tex/cslatex/base\il2cmtt.fd
File: il2cmtt.fd 1997/08/20 CSLaTeX font definitions
)
LaTeX Font Info:    External font `cmex10' loaded for size
(Font)              <8> on input line 33.
LaTeX Font Info:    External font `cmex10' loaded for size
(Font)              <6> on input line 33.
LaTeX Font Info:    External font `cmex10' loaded for size
(Font)              <5> on input line 33.

(novy.tex)

pdfTeX warning: miktex-pdftex.exe (file ./diagrama1-crop.pdf): PDF inclusion: f
ound PDF version <1.7>, but at most version <1.5> allowed
<diagrama1-crop.pdf, id=46, 437.635pt x 150.5625pt>
File: diagrama1-crop.pdf Graphic file (type pdf)
<use diagrama1-crop.pdf>
Package pdftex.def Info: diagrama1-crop.pdf  used on input line 53.
(pdftex.def)             Requested size: 437.63393pt x 150.56212pt.


[1

{C:/Users/yawor/AppData/Local/MiKTeX/fonts/map/pdftex/pdftex.map}]

pdfTeX warning: miktex-pdftex.exe (file ./diagrama2-crop.pdf): PDF inclusion: f
ound PDF version <1.7>, but at most version <1.5> allowed
<diagrama2-crop.pdf, id=64, 354.32375pt x 218.8175pt>
File: diagrama2-crop.pdf Graphic file (type pdf)
<use diagrama2-crop.pdf>
Package pdftex.def Info: diagrama2-crop.pdf  used on input line 55.
(pdftex.def)             Requested size: 354.32288pt x 218.81696pt.
LaTeX Font Info:    External font `cmex10' loaded for size
(Font)              <7> on input line 73.

Underfull \vbox (badness 10000) has occurred while \output is active []



Package babel Info: 'slovak' activates 'slovak' shorthands.
(babel)             Reported on input line 75.
[2 <./diagrama1-crop.pdf> <./diagrama2-crop.pdf>]

LaTeX Warning: Citation `Coplien:MPD' on page 3 undefined on input line 75.


LaTeX Warning: Citation `Czarnecki:Staged' on page 3 undefined on input line 75
.


LaTeX Warning: Citation `Czarnecki:Progress' on page 3 undefined on input line 
75.


LaTeX Warning: Citation `PLP-Framework' on page 3 undefined on input line 75.

No file clanok(1).bbl.


[3] (clanok(1).aux)
 ***********
LaTeX2e <2025-06-01> patch level 1
L3 programming layer <2025-09-02>
 ***********


LaTeX Warning: There were undefined references.


LaTeX Warning: Label(s) may have changed. Rerun to get cross-references right.

Package rerunfilecheck Info: File `clanok(1).out' has not changed.
(rerunfilecheck)             Checksum: 04EC1173E49DA83CACF0C73A03E3808D;1139.
 ) 
Here is how much of TeX's memory you used:
 10347 strings out of 468130
 163707 string characters out of 5430633
 578834 words of memory out of 5000000
 38817 multiletter control sequences out of 15000+600000
 640621 words of font info for 72 fonts, out of 8000000 for 9000
 1141 hyphenation exceptions out of 8191
 75i,8n,79p,380b,507s stack positions out of 10000i,1000n,20000p,200000b,200000s
 <C:\Users\yawor\AppData\Local\MiKTeX\fonts/pk/ljfour/public/csfonts/dpi600\c
sr6.pk> <C:\Users\yawor\AppData\Local\MiKTeX\fonts/pk/ljfour/jknappen/ec/dpi600
\tcrm1000.pk> <C:\Users\yawor\AppData\Local\MiKTeX\fonts/pk/ljfour/public/csfon
ts/dpi600\csti10.pk> <C:\Users\yawor\AppData\Local\MiKTeX\fonts/pk/ljfour/publi
c/csfonts/dpi600\csbx10.pk> <C:\Users\yawor\AppData\Local\MiKTeX\fonts/pk/ljfou
r/public/csfonts/dpi600\csr7.pk> <C:\Users\yawor\AppData\Local\MiKTeX\fonts/pk/
ljfour/public/csfonts/dpi600\cstt10.pk> <C:\Users\yawor\AppData\Local\MiKTeX\fo
nts/pk/ljfour/public/csfonts/dpi600\cssl10.pk> <C:\Users\yawor\AppData\Local\Mi
KTeX\fonts/pk/ljfour/public/csfonts/dpi600\csr8.pk> <C:\Users\yawor\AppData\Loc
al\MiKTeX\fonts/pk/ljfour/jknappen/ec/dpi600\tcrm0600.pk> <C:\Users\yawor\AppDa
ta\Local\MiKTeX\fonts/pk/ljfour/public/csfonts/dpi600\csr10.pk> <C:\Users\yawor
\AppData\Local\MiKTeX\fonts/pk/ljfour/public/csfonts/dpi600\csbx12.pk> <C:\User
s\yawor\AppData\Local\MiKTeX\fonts/pk/ljfour/public/csfonts/dpi600\csr9.pk> <C:
\Users\yawor\AppData\Local\MiKTeX\fonts/pk/ljfour/public/csfonts/dpi600\csbx9.p
k> <C:\Users\yawor\AppData\Local\MiKTeX\fonts/pk/ljfour/public/csfonts/dpi600\c
sss10.pk> <C:\Users\yawor\AppData\Local\MiKTeX\fonts/pk/ljfour/public/csfonts/d
pi600\cstt9.pk> <C:\Users\yawor\AppData\Local\MiKTeX\fonts/pk/ljfour/public/csf
onts/dpi600\csss9.pk> <C:\Users\yawor\AppData\Local\MiKTeX\fonts/pk/ljfour/publ
ic/csfonts/dpi600\csss12.pk> <C:\Users\yawor\AppData\Local\MiKTeX\fonts/pk/ljfo
ur/jknappen/ec/dpi600\tcrm1200.pk> <C:\Users\yawor\AppData\Local\MiKTeX\fonts/p
k/ljfour/public/csfonts/dpi600\csss17.pk>
Output written on clanok(1).pdf (3 pages, 137436 bytes).
PDF statistics:
 455 PDF objects out of 1000 (max. 8388607)
 20 named destinations out of 1000 (max. 500000)
 91 words of extra memory for PDF output out of 10000 (max. 10000000)

